For documentation on this error, please visit: http://seleniumhq.org/exceptions/no_such_element.html
Build info: version: '3.0.1', revision: '1969d75', time: '2016-10-18 09:49:13 -0700'
System info: host: 'R90HVVWR', ip: '192.168.56.1', os.name: 'Windows 7', os.arch: 'amd64', os.version: '6.1', java.version: '1.8.0_131'
Driver info: org.openqa.selenium.chrome.ChromeDriver
Capabilities [{applicationCacheEnabled=false, rotatable=false, mobileEmulationEnabled=false, networkConnectionEnabled=false, chrome={chromedriverVersion=2.28.455520 (cc17746adff54984afff480136733114c6b3704b), userDataDir=C:\Users\Balaji.Rao\AppData\Local\Temp\scoped_dir10184_6062}, takesHeapSnapshot=true, pageLoadStrategy=normal, databaseEnabled=false, handlesAlerts=true, hasTouchScreen=false, version=60.0.3112.113, platform=XP, browserConnectionEnabled=false, nativeEvents=true, acceptSslCerts=true, locationContextEnabled=true, webStorageEnabled=true, browserName=chrome, takesScreenshot=true, javascriptEnabled=true, cssSelectorsEnabled=true, unexpectedAlertBehaviour=}]
Session ID: 0c951352014ebe8126cc436823946a0c
*** Element info: {Using=id, value=Email12}
2017-09-25 17:05:06 INFO  HomePage:185 - switched to the default Content
2017-09-25 17:05:08 INFO  TestBase:284 - browser closed
2017-09-25 17:05:11 INFO  TestBase:134 - navigating to :-file:///E:/zAutomation2/PageObjectWithPageFactoryFramework/project/demoSite.htm
2017-09-25 17:05:22 INFO  TestBase:134 - navigating to :-file:///E:/zAutomation2/PageObjectWithPageFactoryFramework/project/demoSite.htm
2017-09-28 14:27:55 INFO  TestBase:134 - navigating to :-file:///E:/zAutomation2/PageObjectWithPageFactoryFramework/project/demoSite.htm
2017-09-28 14:28:26 INFO  TC001_VerifyLoginWithInvalidCredentailsToAutoMationPractices:27 - =========== Starting verifyLoginWithInvalidCredentails Test=============
2017-09-28 14:28:27 INFO  TestBase:284 - browser closed
2017-10-04 13:08:40 INFO  TestBase:134 - navigating to :-file:///E:/zAutomation2/PageObjectWithPageFactoryFramework/project/demoSite.htm
2017-10-04 13:09:01 INFO  TC001_VerifyLoginWithInvalidCredentailsToAutoMationPractices:27 - =========== Starting verifyLoginWithInvalidCredentails Test=============
2017-10-04 13:09:03 INFO  TestBase:284 - browser closed
2017-10-04 13:24:01 INFO  TestBase:134 - navigating to :-file:///E:/zAutomation2/PageObjectWithPageFactoryFramework/project/demoSite.htm
2017-10-04 13:24:23 INFO  TC001_VerifyLoginWithInvalidCredentailsToAutoMationPractices:27 - =========== Starting verifyLoginWithInvalidCredentails Test=============
2017-10-04 13:24:24 INFO  TestBase:284 - browser closed
2017-10-04 13:24:40 INFO  TestBase:134 - navigating to :-file:///E:/zAutomation2/PageObjectWithPageFactoryFramework/project/demoSite.htm
2017-10-04 13:24:49 INFO  TC001_VerifyLoginWithInvalidCredentailsToAutoMationPractices:27 - =========== Starting verifyLoginWithInvalidCredentails Test=============
2017-10-04 13:24:50 INFO  TestBase:284 - browser closed
2017-10-04 14:26:43 INFO  TestBase:134 - navigating to :-file:///E:/zAutomation2/PageObjectWithPageFactoryFramework/project/demoSite.htm
2017-10-04 14:27:06 INFO  TC003_VerifyLoginWithDifferentRecords:43 - ============= Strting VerifyLoginWithDifferentRecords Test===========
2017-10-04 14:27:06 INFO  HomePage:185 - switched to the iframe
2017-10-04 14:27:10 INFO  HomePage:185 - logout is dispalyed and object is:-[[ChromeDriver: chrome on XP (c93b0de8c27aac9de117c5477a52c4ce)] -> xpath: //*[@id='customer_logout_link']]
2017-10-04 14:27:12 INFO  HomePage:185 - switched to the default Content
2017-10-04 14:27:12 INFO  TC003_VerifyLoginWithDifferentRecords:52 - ============= Finished VerifyLoginWithDifferentRecords Test===========
2017-10-04 14:27:12 INFO  TC003_VerifyLoginWithDifferentRecords:43 - ============= Strting VerifyLoginWithDifferentRecords Test===========
2017-10-04 14:27:12 INFO  HomePage:185 - switched to the iframe
2017-10-04 14:27:15 INFO  HomePage:185 - logout is dispalyed and object is:-[[ChromeDriver: chrome on XP (c93b0de8c27aac9de117c5477a52c4ce)] -> xpath: //*[@id='customer_logout_link']]
2017-10-04 14:27:16 INFO  HomePage:185 - switched to the default Content
2017-10-04 14:27:16 INFO  TC003_VerifyLoginWithDifferentRecords:52 - ============= Finished VerifyLoginWithDifferentRecords Test===========
2017-10-04 14:27:17 INFO  TC003_VerifyLoginWithDifferentRecords:43 - ============= Strting VerifyLoginWithDifferentRecords Test===========
2017-10-04 14:27:17 INFO  HomePage:185 - switched to the iframe
2017-10-04 14:27:20 INFO  HomePage:185 - logout is dispalyed and object is:-[[ChromeDriver: chrome on XP (c93b0de8c27aac9de117c5477a52c4ce)] -> xpath: //*[@id='customer_logout_link']]
2017-10-04 14:27:21 INFO  HomePage:185 - switched to the default Content
2017-10-04 14:27:21 INFO  TC003_VerifyLoginWithDifferentRecords:52 - ============= Finished VerifyLoginWithDifferentRecords Test===========
2017-10-04 14:27:22 INFO  TestBase:284 - browser closed
2017-10-04 15:00:50 INFO  TestBase:134 - navigating to :-file:///E:/zAutomation2/PageObjectWithPageFactoryFramework/project/demoSite.htm
2017-10-04 15:01:12 INFO  TC003_VerifyLoginWithDifferentRecords:43 - ============= Strting VerifyLoginWithDifferentRecords Test===========
2017-10-04 15:01:12 INFO  HomePage:185 - switched to the iframe
2017-10-04 15:01:16 INFO  HomePage:185 - logout is dispalyed and object is:-[[ChromeDriver: chrome on XP (97b6f451d5fdc7c477c62c56fb3361ff)] -> xpath: //*[@id='customer_logout_link']]
2017-10-04 15:01:18 INFO  HomePage:185 - switched to the default Content
2017-10-04 15:01:18 INFO  TC003_VerifyLoginWithDifferentRecords:52 - ============= Finished VerifyLoginWithDifferentRecords Test===========
2017-10-04 15:01:18 INFO  TC003_VerifyLoginWithDifferentRecords:43 - ============= Strting VerifyLoginWithDifferentRecords Test===========
2017-10-04 15:01:18 INFO  HomePage:185 - switched to the iframe
2017-10-04 15:01:21 INFO  HomePage:185 - logout is dispalyed and object is:-[[ChromeDriver: chrome on XP (97b6f451d5fdc7c477c62c56fb3361ff)] -> xpath: //*[@id='customer_logout_link']]
2017-10-04 15:01:22 INFO  HomePage:185 - switched to the default Content
2017-10-04 15:01:22 INFO  TC003_VerifyLoginWithDifferentRecords:52 - ============= Finished VerifyLoginWithDifferentRecords Test===========
2017-10-04 15:01:23 INFO  TC003_VerifyLoginWithDifferentRecords:43 - ============= Strting VerifyLoginWithDifferentRecords Test===========
2017-10-04 15:01:23 INFO  HomePage:185 - switched to the iframe
2017-10-04 15:01:26 INFO  HomePage:185 - logout is dispalyed and object is:-[[ChromeDriver: chrome on XP (97b6f451d5fdc7c477c62c56fb3361ff)] -> xpath: //*[@id='customer_logout_link']]
2017-10-04 15:01:27 INFO  HomePage:185 - switched to the default Content
2017-10-04 15:01:27 INFO  TC003_VerifyLoginWithDifferentRecords:52 - ============= Finished VerifyLoginWithDifferentRecords Test===========
2017-10-04 15:01:28 INFO  TestBase:284 - browser closed
2017-10-04 15:10:55 INFO  TestBase:134 - navigating to :-file:///E:/zAutomation2/PageObjectWithPageFactoryFramework/project/demoSite.htm
2017-10-04 15:11:16 INFO  TC002_VerifyRegistration:35 - =======started verifyRegistration Test===========
2017-10-04 15:11:16 INFO  HomePage:185 - switched to the iframe
2017-10-04 15:11:19 INFO  HomePage:185 - clicked on sign Up link and object is:-[[ChromeDriver: chrome on XP (dbc5a88160ea2fdb5f8dcc8d4ac58f1c)] -> id: customer_register_link]
2017-10-04 15:11:19 INFO  HomePage:185 - entered data to first name field and object is:-[[ChromeDriver: chrome on XP (dbc5a88160ea2fdb5f8dcc8d4ac58f1c)] -> id: FirstName]
2017-10-04 15:11:19 INFO  HomePage:185 - entered data to last name field and object is:-[[ChromeDriver: chrome on XP (dbc5a88160ea2fdb5f8dcc8d4ac58f1c)] -> id: LastName]
2017-10-04 15:11:19 INFO  TC002_VerifyRegistration:47 - org.openqa.selenium.NoSuchElementException: no such element: Unable to locate element: {"method":"id","selector":"Email12"}
  (Session info: chrome=60.0.3112.113)
  (Driver info: chromedriver=2.28.455520 (cc17746adff54984afff480136733114c6b3704b),platform=Windows NT 6.1.7601 SP1 x86_64) (WARNING: The server did not provide any stacktrace information)
Command duration or timeout: 36 milliseconds
For documentation on this error, please visit: http://seleniumhq.org/exceptions/no_such_element.html
Build info: version: '3.0.1', revision: '1969d75', time: '2016-10-18 09:49:13 -0700'
System info: host: 'R90HVVWR', ip: '192.168.56.1', os.name: 'Windows 7', os.arch: 'amd64', os.version: '6.1', java.version: '1.8.0_131'
Driver info: org.openqa.selenium.chrome.ChromeDriver
Capabilities [{applicationCacheEnabled=false, rotatable=false, mobileEmulationEnabled=false, networkConnectionEnabled=false, chrome={chromedriverVersion=2.28.455520 (cc17746adff54984afff480136733114c6b3704b), userDataDir=C:\Users\Balaji.Rao\AppData\Local\Temp\scoped_dir9308_31745}, takesHeapSnapshot=true, pageLoadStrategy=normal, databaseEnabled=false, handlesAlerts=true, hasTouchScreen=false, version=60.0.3112.113, platform=XP, browserConnectionEnabled=false, nativeEvents=true, acceptSslCerts=true, locationContextEnabled=true, webStorageEnabled=true, browserName=chrome, takesScreenshot=true, javascriptEnabled=true, cssSelectorsEnabled=true, unexpectedAlertBehaviour=}]
Session ID: dbc5a88160ea2fdb5f8dcc8d4ac58f1c
*** Element info: {Using=id, value=Email12}
2017-10-04 15:11:19 INFO  HomePage:185 - switched to the default Content
2017-10-04 15:11:21 INFO  TestBase:284 - browser closed
